==3407== Massif, a heap profiler
==3407== Copyright (C) 2003-2011, and GNU GPL'd, by Nicholas Nethercote
==3407== Using Valgrind-3.7.0 and LibVEX; rerun with -h for copyright info
==3407== Command: ./bin/debug/Renju
==3407== Parent PID: 3223
==3407== 
--3407-- WARNING: Serious error when reading debug info
--3407-- When reading debug info from /usr/lib/i386-linux-gnu/mesa/libGL.so.1.2:
--3407-- Can't make sense of .got section mapping
--3407-- WARNING: Serious error when reading debug info
--3407-- When reading debug info from /usr/lib/i386-linux-gnu/libglapi.so.0.0.0:
--3407-- Can't make sense of .got section mapping
==3407== Warning: Malformed stack trace detected.  In Massif's output,
==3407==          the size of an entry's child entries may not sum up
==3407==          to the entry's size as they normally do.
==3407== Warning: Malformed stack trace detected.  In Massif's output,
==3407==          the size of an entry's child entries may not sum up
==3407==          to the entry's size as they normally do.
==3407== Warning: Malformed stack trace detected.  In Massif's output,
==3407==          the size of an entry's child entries may not sum up
==3407==          to the entry's size as they normally do.
==3407==          (And Massif now won't warn about this again.)
==3407== 
